ERROR - 2023-09-11 00:43:53 --> Error connecting to the database: mysqli_sql_exception: 대상 컴퓨터에서 연결을 거부했으므로 연결하지 못했습니다 in C:\hoon\gitbasic\hoon_ex\framework-4.4.0\system\Database\MySQLi\Connection.php:184
Stack trace:
#0 C:\hoon\gitbasic\hoon_ex\framework-4.4.0\system\Database\MySQLi\Connection.php(184): mysqli->real_connect('localhost', 'boardci4', Object(SensitiveParameterValue), 'boardci4', 3306, '', 0)
#1 C:\hoon\gitbasic\hoon_ex\framework-4.4.0\system\Database\BaseConnection.php(391): CodeIgniter\Database\MySQLi\Connection->connect(false)
#2 C:\hoon\gitbasic\hoon_ex\framework-4.4.0\system\Database\BaseConnection.php(574): CodeIgniter\Database\BaseConnection->initialize()
#3 C:\hoon\gitbasic\hoon_ex\framework-4.4.0\system\Database\BaseBuilder.php(1616): CodeIgniter\Database\BaseConnection->query('SELECT *\nFROM `...', Array, false)
#4 C:\hoon\gitbasic\hoon_ex\framework-4.4.0\system\Model.php(237): CodeIgniter\Database\BaseBuilder->get()
#5 C:\hoon\gitbasic\hoon_ex\framework-4.4.0\system\BaseModel.php(624): CodeIgniter\Model->doFindAll(0, 0)
#6 C:\hoon\gitbasic\hoon_ex\framework-4.4.0\app\Controllers\board.php(20): CodeIgniter\BaseModel->findAll()
#7 C:\hoon\gitbasic\hoon_ex\framework-4.4.0\system\CodeIgniter.php(915): App\Controllers\Board->list()
#8 C:\hoon\gitbasic\hoon_ex\framework-4.4.0\system\CodeIgniter.php(492): CodeIgniter\CodeIgniter->runController(Object(App\Controllers\Board))
#9 C:\hoon\gitbasic\hoon_ex\framework-4.4.0\system\CodeIgniter.php(353): CodeIgniter\CodeIgniter->handleRequest(NULL, Object(Config\Cache), false)
#10 C:\hoon\gitbasic\hoon_ex\framework-4.4.0\public\index.php(79): CodeIgniter\CodeIgniter->run()
#11 C:\hoon\gitbasic\hoon_ex\framework-4.4.0\system\Commands\Server\rewrite.php(47): require_once('C:\\hoon\\gitbasi...')
#12 {main}

Next CodeIgniter\Database\Exceptions\DatabaseException: 대상 컴퓨터에서 연결을 거부했으므로 연결하지 못했습니다 in C:\hoon\gitbasic\hoon_ex\framework-4.4.0\system\Database\MySQLi\Connection.php:229
Stack trace:
#0 C:\hoon\gitbasic\hoon_ex\framework-4.4.0\system\Database\BaseConnection.php(391): CodeIgniter\Database\MySQLi\Connection->connect(false)
#1 C:\hoon\gitbasic\hoon_ex\framework-4.4.0\system\Database\BaseConnection.php(574): CodeIgniter\Database\BaseConnection->initialize()
#2 C:\hoon\gitbasic\hoon_ex\framework-4.4.0\system\Database\BaseBuilder.php(1616): CodeIgniter\Database\BaseConnection->query('SELECT *\nFROM `...', Array, false)
#3 C:\hoon\gitbasic\hoon_ex\framework-4.4.0\system\Model.php(237): CodeIgniter\Database\BaseBuilder->get()
#4 C:\hoon\gitbasic\hoon_ex\framework-4.4.0\system\BaseModel.php(624): CodeIgniter\Model->doFindAll(0, 0)
#5 C:\hoon\gitbasic\hoon_ex\framework-4.4.0\app\Controllers\board.php(20): CodeIgniter\BaseModel->findAll()
#6 C:\hoon\gitbasic\hoon_ex\framework-4.4.0\system\CodeIgniter.php(915): App\Controllers\Board->list()
#7 C:\hoon\gitbasic\hoon_ex\framework-4.4.0\system\CodeIgniter.php(492): CodeIgniter\CodeIgniter->runController(Object(App\Controllers\Board))
#8 C:\hoon\gitbasic\hoon_ex\framework-4.4.0\system\CodeIgniter.php(353): CodeIgniter\CodeIgniter->handleRequest(NULL, Object(Config\Cache), false)
#9 C:\hoon\gitbasic\hoon_ex\framework-4.4.0\public\index.php(79): CodeIgniter\CodeIgniter->run()
#10 C:\hoon\gitbasic\hoon_ex\framework-4.4.0\system\Commands\Server\rewrite.php(47): require_once('C:\\hoon\\gitbasi...')
#11 {main}
CRITICAL - 2023-09-11 00:43:53 --> Unable to connect to the database.
Main connection [MySQLi]: 대상 컴퓨터에서 연결을 거부했으므로 연결하지 못했습니다
in SYSTEMPATH\Database\BaseConnection.php on line 427.
 1 SYSTEMPATH\Database\BaseConnection.php(574): CodeIgniter\Database\BaseConnection->initialize()
 2 SYSTEMPATH\Database\BaseBuilder.php(1616): CodeIgniter\Database\BaseConnection->query('SELECT *
FROM `board`
ORDER BY `bid` DESC', [], false)
 3 SYSTEMPATH\Model.php(237): CodeIgniter\Database\BaseBuilder->get()
 4 SYSTEMPATH\BaseModel.php(624): CodeIgniter\Model->doFindAll(0, 0)
 5 APPPATH\Controllers\board.php(20): CodeIgniter\BaseModel->findAll()
 6 SYSTEMPATH\CodeIgniter.php(915): App\Controllers\Board->list()
 7 SYSTEMPATH\CodeIgniter.php(492): CodeIgniter\CodeIgniter->runController(Object(App\Controllers\Board))
 8 SYSTEMPATH\CodeIgniter.php(353): CodeIgniter\CodeIgniter->handleRequest(null, Object(Config\Cache), false)
 9 FCPATH\index.php(79): CodeIgniter\CodeIgniter->run()
10 SYSTEMPATH\Commands\Server\rewrite.php(47): require_once('C:\\hoon\\gitbasic\\hoon_ex\\framework-4.4.0\\public\\index.php')
INFO - 2023-09-11 00:50:43 --> Session: Class initialized using 'CodeIgniter\Session\Handlers\FileHandler' driver.
CRITICAL - 2023-09-11 00:50:43 --> App\Controllers\Board::write(): Return value must be of type string, CodeIgniter\HTTP\RedirectResponse returned
in APPPATH\Controllers\board.php on line 31.
 1 SYSTEMPATH\CodeIgniter.php(915): App\Controllers\Board->write()
 2 SYSTEMPATH\CodeIgniter.php(492): CodeIgniter\CodeIgniter->runController(Object(App\Controllers\Board))
 3 SYSTEMPATH\CodeIgniter.php(353): CodeIgniter\CodeIgniter->handleRequest(null, Object(Config\Cache), false)
 4 FCPATH\index.php(79): CodeIgniter\CodeIgniter->run()
 5 SYSTEMPATH\Commands\Server\rewrite.php(47): require_once('C:\\hoon\\gitbasic\\hoon_ex\\framework-4.4.0\\public\\index.php')
INFO - 2023-09-11 00:50:52 --> Session: Class initialized using 'CodeIgniter\Session\Handlers\FileHandler' driver.
CRITICAL - 2023-09-11 00:50:52 --> App\Controllers\Board::write(): Return value must be of type string, CodeIgniter\HTTP\RedirectResponse returned
in APPPATH\Controllers\board.php on line 31.
 1 SYSTEMPATH\CodeIgniter.php(915): App\Controllers\Board->write()
 2 SYSTEMPATH\CodeIgniter.php(492): CodeIgniter\CodeIgniter->runController(Object(App\Controllers\Board))
 3 SYSTEMPATH\CodeIgniter.php(353): CodeIgniter\CodeIgniter->handleRequest(null, Object(Config\Cache), false)
 4 FCPATH\index.php(79): CodeIgniter\CodeIgniter->run()
 5 SYSTEMPATH\Commands\Server\rewrite.php(47): require_once('C:\\hoon\\gitbasic\\hoon_ex\\framework-4.4.0\\public\\index.php')
INFO - 2023-09-11 00:50:53 --> Session: Class initialized using 'CodeIgniter\Session\Handlers\FileHandler' driver.
CRITICAL - 2023-09-11 00:50:53 --> App\Controllers\Board::write(): Return value must be of type string, CodeIgniter\HTTP\RedirectResponse returned
in APPPATH\Controllers\board.php on line 31.
 1 SYSTEMPATH\CodeIgniter.php(915): App\Controllers\Board->write()
 2 SYSTEMPATH\CodeIgniter.php(492): CodeIgniter\CodeIgniter->runController(Object(App\Controllers\Board))
 3 SYSTEMPATH\CodeIgniter.php(353): CodeIgniter\CodeIgniter->handleRequest(null, Object(Config\Cache), false)
 4 FCPATH\index.php(79): CodeIgniter\CodeIgniter->run()
 5 SYSTEMPATH\Commands\Server\rewrite.php(47): require_once('C:\\hoon\\gitbasic\\hoon_ex\\framework-4.4.0\\public\\index.php')
INFO - 2023-09-11 00:55:40 --> Session: Class initialized using 'CodeIgniter\Session\Handlers\FileHandler' driver.
INFO - 2023-09-11 01:08:58 --> Session: Class initialized using 'CodeIgniter\Session\Handlers\FileHandler' driver.
INFO - 2023-09-11 01:09:08 --> Session: Class initialized using 'CodeIgniter\Session\Handlers\FileHandler' driver.
INFO - 2023-09-11 01:09:11 --> Session: Class initialized using 'CodeIgniter\Session\Handlers\FileHandler' driver.
