INFO - 2023-09-13 00:50:36 --> Session: Class initialized using 'CodeIgniter\Session\Handlers\FileHandler' driver.
INFO - 2023-09-13 00:50:39 --> Session: Class initialized using 'CodeIgniter\Session\Handlers\FileHandler' driver.
INFO - 2023-09-13 00:50:41 --> Session: Class initialized using 'CodeIgniter\Session\Handlers\FileHandler' driver.
INFO - 2023-09-13 00:50:44 --> Session: Class initialized using 'CodeIgniter\Session\Handlers\FileHandler' driver.
CRITICAL - 2023-09-13 00:50:44 --> Undefined array key "userid"
in APPPATH\Controllers\board.php on line 138.
 1 APPPATH\Controllers\board.php(138): CodeIgniter\Debug\Exceptions->errorHandler(2, 'Undefined array key "userid"', 'C:\\hoon\\gitbasic\\hoon_ex\\framework-4.4.0\\app\\Controllers\\board.php', 138)
 2 SYSTEMPATH\CodeIgniter.php(915): App\Controllers\Board->delete('11')
 3 SYSTEMPATH\CodeIgniter.php(492): CodeIgniter\CodeIgniter->runController(Object(App\Controllers\Board))
 4 SYSTEMPATH\CodeIgniter.php(353): CodeIgniter\CodeIgniter->handleRequest(null, Object(Config\Cache), false)
 5 FCPATH\index.php(79): CodeIgniter\CodeIgniter->run()
 6 SYSTEMPATH\Commands\Server\rewrite.php(47): require_once('C:\\hoon\\gitbasic\\hoon_ex\\framework-4.4.0\\public\\index.php')
INFO - 2023-09-13 00:50:50 --> Session: Class initialized using 'CodeIgniter\Session\Handlers\FileHandler' driver.
CRITICAL - 2023-09-13 00:50:50 --> Attempt to read property "subject" on null
in APPPATH\Views\board_view.php on line 8.
 1 APPPATH\Views\board_view.php(8): CodeIgniter\Debug\Exceptions->errorHandler(2, 'Attempt to read property "subject" on null', 'C:\\hoon\\gitbasic\\hoon_ex\\framework-4.4.0\\app\\Views\\board_view.php', 8)
 2 SYSTEMPATH\View\View.php(226): include('C:\\hoon\\gitbasic\\hoon_ex\\framework-4.4.0\\app\\Views\\board_view.php')
 3 SYSTEMPATH\View\View.php(229): CodeIgniter\View\View->CodeIgniter\View\{closure}()
 4 SYSTEMPATH\Common.php(1178): CodeIgniter\View\View->render('board_view', [], true)
 5 APPPATH\Helpers\render_helper.php(10): view('board_view', [...], [])
 6 APPPATH\Controllers\board.php(59): render('board_view', [...])
 7 SYSTEMPATH\CodeIgniter.php(915): App\Controllers\Board->view('11')
 8 SYSTEMPATH\CodeIgniter.php(492): CodeIgniter\CodeIgniter->runController(Object(App\Controllers\Board))
 9 SYSTEMPATH\CodeIgniter.php(353): CodeIgniter\CodeIgniter->handleRequest(null, Object(Config\Cache), false)
10 FCPATH\index.php(79): CodeIgniter\CodeIgniter->run()
11 SYSTEMPATH\Commands\Server\rewrite.php(47): require_once('C:\\hoon\\gitbasic\\hoon_ex\\framework-4.4.0\\public\\index.php')
INFO - 2023-09-13 00:50:52 --> Session: Class initialized using 'CodeIgniter\Session\Handlers\FileHandler' driver.
INFO - 2023-09-13 00:50:53 --> Session: Class initialized using 'CodeIgniter\Session\Handlers\FileHandler' driver.
INFO - 2023-09-13 00:50:57 --> Session: Class initialized using 'CodeIgniter\Session\Handlers\FileHandler' driver.
INFO - 2023-09-13 00:50:57 --> Session: Class initialized using 'CodeIgniter\Session\Handlers\FileHandler' driver.
INFO - 2023-09-13 00:50:59 --> Session: Class initialized using 'CodeIgniter\Session\Handlers\FileHandler' driver.
CRITICAL - 2023-09-13 00:50:59 --> Attempt to read property "subject" on null
in APPPATH\Views\board_view.php on line 8.
 1 APPPATH\Views\board_view.php(8): CodeIgniter\Debug\Exceptions->errorHandler(2, 'Attempt to read property "subject" on null', 'C:\\hoon\\gitbasic\\hoon_ex\\framework-4.4.0\\app\\Views\\board_view.php', 8)
 2 SYSTEMPATH\View\View.php(226): include('C:\\hoon\\gitbasic\\hoon_ex\\framework-4.4.0\\app\\Views\\board_view.php')
 3 SYSTEMPATH\View\View.php(229): CodeIgniter\View\View->CodeIgniter\View\{closure}()
 4 SYSTEMPATH\Common.php(1178): CodeIgniter\View\View->render('board_view', [], true)
 5 APPPATH\Helpers\render_helper.php(10): view('board_view', [...], [])
 6 APPPATH\Controllers\board.php(59): render('board_view', [...])
 7 SYSTEMPATH\CodeIgniter.php(915): App\Controllers\Board->view('11')
 8 SYSTEMPATH\CodeIgniter.php(492): CodeIgniter\CodeIgniter->runController(Object(App\Controllers\Board))
 9 SYSTEMPATH\CodeIgniter.php(353): CodeIgniter\CodeIgniter->handleRequest(null, Object(Config\Cache), false)
10 FCPATH\index.php(79): CodeIgniter\CodeIgniter->run()
11 SYSTEMPATH\Commands\Server\rewrite.php(47): require_once('C:\\hoon\\gitbasic\\hoon_ex\\framework-4.4.0\\public\\index.php')
INFO - 2023-09-13 00:51:03 --> Session: Class initialized using 'CodeIgniter\Session\Handlers\FileHandler' driver.
INFO - 2023-09-13 00:51:03 --> Session: Class initialized using 'CodeIgniter\Session\Handlers\FileHandler' driver.
INFO - 2023-09-13 00:51:06 --> Session: Class initialized using 'CodeIgniter\Session\Handlers\FileHandler' driver.
INFO - 2023-09-13 00:51:08 --> Session: Class initialized using 'CodeIgniter\Session\Handlers\FileHandler' driver.
CRITICAL - 2023-09-13 00:51:08 --> Attempt to read property "subject" on null
in APPPATH\Views\board_view.php on line 8.
 1 APPPATH\Views\board_view.php(8): CodeIgniter\Debug\Exceptions->errorHandler(2, 'Attempt to read property "subject" on null', 'C:\\hoon\\gitbasic\\hoon_ex\\framework-4.4.0\\app\\Views\\board_view.php', 8)
 2 SYSTEMPATH\View\View.php(226): include('C:\\hoon\\gitbasic\\hoon_ex\\framework-4.4.0\\app\\Views\\board_view.php')
 3 SYSTEMPATH\View\View.php(229): CodeIgniter\View\View->CodeIgniter\View\{closure}()
 4 SYSTEMPATH\Common.php(1178): CodeIgniter\View\View->render('board_view', [], true)
 5 APPPATH\Helpers\render_helper.php(10): view('board_view', [...], [])
 6 APPPATH\Controllers\board.php(59): render('board_view', [...])
 7 SYSTEMPATH\CodeIgniter.php(915): App\Controllers\Board->view('11')
 8 SYSTEMPATH\CodeIgniter.php(492): CodeIgniter\CodeIgniter->runController(Object(App\Controllers\Board))
 9 SYSTEMPATH\CodeIgniter.php(353): CodeIgniter\CodeIgniter->handleRequest(null, Object(Config\Cache), false)
10 FCPATH\index.php(79): CodeIgniter\CodeIgniter->run()
11 SYSTEMPATH\Commands\Server\rewrite.php(47): require_once('C:\\hoon\\gitbasic\\hoon_ex\\framework-4.4.0\\public\\index.php')
INFO - 2023-09-13 00:51:10 --> Session: Class initialized using 'CodeIgniter\Session\Handlers\FileHandler' driver.
INFO - 2023-09-13 00:51:12 --> Session: Class initialized using 'CodeIgniter\Session\Handlers\FileHandler' driver.
INFO - 2023-09-13 00:51:13 --> Session: Class initialized using 'CodeIgniter\Session\Handlers\FileHandler' driver.
CRITICAL - 2023-09-13 00:51:13 --> unlink(uploads/board/1694483467_b2af30d89806172e9826.png): No such file or directory
in APPPATH\Controllers\board.php on line 134.
 1 [internal function]: CodeIgniter\Debug\Exceptions->errorHandler(2, 'unlink(uploads/board/1694483467_b2af30d89806172e9826.png): No such file or directory', 'C:\\hoon\\gitbasic\\hoon_ex\\framework-4.4.0\\app\\Controllers\\board.php', 134)
 2 APPPATH\Controllers\board.php(134): unlink('uploads/board/1694483467_b2af30d89806172e9826.png')
 3 SYSTEMPATH\CodeIgniter.php(915): App\Controllers\Board->delete('10')
 4 SYSTEMPATH\CodeIgniter.php(492): CodeIgniter\CodeIgniter->runController(Object(App\Controllers\Board))
 5 SYSTEMPATH\CodeIgniter.php(353): CodeIgniter\CodeIgniter->handleRequest(null, Object(Config\Cache), false)
 6 FCPATH\index.php(79): CodeIgniter\CodeIgniter->run()
 7 SYSTEMPATH\Commands\Server\rewrite.php(47): require_once('C:\\hoon\\gitbasic\\hoon_ex\\framework-4.4.0\\public\\index.php')
INFO - 2023-09-13 00:51:16 --> Session: Class initialized using 'CodeIgniter\Session\Handlers\FileHandler' driver.
INFO - 2023-09-13 00:51:19 --> Session: Class initialized using 'CodeIgniter\Session\Handlers\FileHandler' driver.
INFO - 2023-09-13 00:51:20 --> Session: Class initialized using 'CodeIgniter\Session\Handlers\FileHandler' driver.
INFO - 2023-09-13 00:51:52 --> Session: Class initialized using 'CodeIgniter\Session\Handlers\FileHandler' driver.
INFO - 2023-09-13 00:52:03 --> Session: Class initialized using 'CodeIgniter\Session\Handlers\FileHandler' driver.
INFO - 2023-09-13 00:52:03 --> Session: Class initialized using 'CodeIgniter\Session\Handlers\FileHandler' driver.
INFO - 2023-09-13 00:52:05 --> Session: Class initialized using 'CodeIgniter\Session\Handlers\FileHandler' driver.
INFO - 2023-09-13 00:52:06 --> Session: Class initialized using 'CodeIgniter\Session\Handlers\FileHandler' driver.
INFO - 2023-09-13 00:52:07 --> Session: Class initialized using 'CodeIgniter\Session\Handlers\FileHandler' driver.
INFO - 2023-09-13 00:52:10 --> Session: Class initialized using 'CodeIgniter\Session\Handlers\FileHandler' driver.
CRITICAL - 2023-09-13 00:52:10 --> Attempt to read property "subject" on null
in APPPATH\Views\board_view.php on line 8.
 1 APPPATH\Views\board_view.php(8): CodeIgniter\Debug\Exceptions->errorHandler(2, 'Attempt to read property "subject" on null', 'C:\\hoon\\gitbasic\\hoon_ex\\framework-4.4.0\\app\\Views\\board_view.php', 8)
 2 SYSTEMPATH\View\View.php(226): include('C:\\hoon\\gitbasic\\hoon_ex\\framework-4.4.0\\app\\Views\\board_view.php')
 3 SYSTEMPATH\View\View.php(229): CodeIgniter\View\View->CodeIgniter\View\{closure}()
 4 SYSTEMPATH\Common.php(1178): CodeIgniter\View\View->render('board_view', [], true)
 5 APPPATH\Helpers\render_helper.php(10): view('board_view', [...], [])
 6 APPPATH\Controllers\board.php(59): render('board_view', [...])
 7 SYSTEMPATH\CodeIgniter.php(915): App\Controllers\Board->view('11')
 8 SYSTEMPATH\CodeIgniter.php(492): CodeIgniter\CodeIgniter->runController(Object(App\Controllers\Board))
 9 SYSTEMPATH\CodeIgniter.php(353): CodeIgniter\CodeIgniter->handleRequest(null, Object(Config\Cache), false)
10 FCPATH\index.php(79): CodeIgniter\CodeIgniter->run()
11 SYSTEMPATH\Commands\Server\rewrite.php(47): require_once('C:\\hoon\\gitbasic\\hoon_ex\\framework-4.4.0\\public\\index.php')
INFO - 2023-09-13 00:52:13 --> Session: Class initialized using 'CodeIgniter\Session\Handlers\FileHandler' driver.
INFO - 2023-09-13 00:52:53 --> Session: Class initialized using 'CodeIgniter\Session\Handlers\FileHandler' driver.
CRITICAL - 2023-09-13 00:52:53 --> Attempt to read property "subject" on null
in APPPATH\Views\board_view.php on line 8.
 1 APPPATH\Views\board_view.php(8): CodeIgniter\Debug\Exceptions->errorHandler(2, 'Attempt to read property "subject" on null', 'C:\\hoon\\gitbasic\\hoon_ex\\framework-4.4.0\\app\\Views\\board_view.php', 8)
 2 SYSTEMPATH\View\View.php(226): include('C:\\hoon\\gitbasic\\hoon_ex\\framework-4.4.0\\app\\Views\\board_view.php')
 3 SYSTEMPATH\View\View.php(229): CodeIgniter\View\View->CodeIgniter\View\{closure}()
 4 SYSTEMPATH\Common.php(1178): CodeIgniter\View\View->render('board_view', [], true)
 5 APPPATH\Helpers\render_helper.php(10): view('board_view', [...], [])
 6 APPPATH\Controllers\board.php(59): render('board_view', [...])
 7 SYSTEMPATH\CodeIgniter.php(915): App\Controllers\Board->view('11')
 8 SYSTEMPATH\CodeIgniter.php(492): CodeIgniter\CodeIgniter->runController(Object(App\Controllers\Board))
 9 SYSTEMPATH\CodeIgniter.php(353): CodeIgniter\CodeIgniter->handleRequest(null, Object(Config\Cache), false)
10 FCPATH\index.php(79): CodeIgniter\CodeIgniter->run()
11 SYSTEMPATH\Commands\Server\rewrite.php(47): require_once('C:\\hoon\\gitbasic\\hoon_ex\\framework-4.4.0\\public\\index.php')
INFO - 2023-09-13 01:01:17 --> Session: Class initialized using 'CodeIgniter\Session\Handlers\FileHandler' driver.
INFO - 2023-09-13 01:01:19 --> Session: Class initialized using 'CodeIgniter\Session\Handlers\FileHandler' driver.
INFO - 2023-09-13 01:01:20 --> Session: Class initialized using 'CodeIgniter\Session\Handlers\FileHandler' driver.
INFO - 2023-09-13 01:01:23 --> Session: Class initialized using 'CodeIgniter\Session\Handlers\FileHandler' driver.
INFO - 2023-09-13 01:17:52 --> Session: Class initialized using 'CodeIgniter\Session\Handlers\FileHandler' driver.
INFO - 2023-09-13 01:19:05 --> Session: Class initialized using 'CodeIgniter\Session\Handlers\FileHandler' driver.
INFO - 2023-09-13 01:19:21 --> Session: Class initialized using 'CodeIgniter\Session\Handlers\FileHandler' driver.
INFO - 2023-09-13 01:19:21 --> Session: Class initialized using 'CodeIgniter\Session\Handlers\FileHandler' driver.
INFO - 2023-09-13 01:39:45 --> Session: Class initialized using 'CodeIgniter\Session\Handlers\FileHandler' driver.
INFO - 2023-09-13 01:39:47 --> Session: Class initialized using 'CodeIgniter\Session\Handlers\FileHandler' driver.
INFO - 2023-09-13 01:39:58 --> Session: Class initialized using 'CodeIgniter\Session\Handlers\FileHandler' driver.
INFO - 2023-09-13 01:41:45 --> Session: Class initialized using 'CodeIgniter\Session\Handlers\FileHandler' driver.
INFO - 2023-09-13 01:42:10 --> Session: Class initialized using 'CodeIgniter\Session\Handlers\FileHandler' driver.
CRITICAL - 2023-09-13 01:42:10 --> Attempt to read property "filename" on array
in APPPATH\Views\board_view.php on line 19.
 1 APPPATH\Views\board_view.php(19): CodeIgniter\Debug\Exceptions->errorHandler(2, 'Attempt to read property "filename" on array', 'C:\\hoon\\gitbasic\\hoon_ex\\framework-4.4.0\\app\\Views\\board_view.php', 19)
 2 SYSTEMPATH\View\View.php(226): include('C:\\hoon\\gitbasic\\hoon_ex\\framework-4.4.0\\app\\Views\\board_view.php')
 3 SYSTEMPATH\View\View.php(229): CodeIgniter\View\View->CodeIgniter\View\{closure}()
 4 SYSTEMPATH\Common.php(1178): CodeIgniter\View\View->render('board_view', [], true)
 5 APPPATH\Helpers\render_helper.php(10): view('board_view', [...], [])
 6 APPPATH\Controllers\board.php(59): render('board_view', [...])
 7 SYSTEMPATH\CodeIgniter.php(915): App\Controllers\Board->view('13')
 8 SYSTEMPATH\CodeIgniter.php(492): CodeIgniter\CodeIgniter->runController(Object(App\Controllers\Board))
 9 SYSTEMPATH\CodeIgniter.php(353): CodeIgniter\CodeIgniter->handleRequest(null, Object(Config\Cache), false)
10 FCPATH\index.php(79): CodeIgniter\CodeIgniter->run()
11 SYSTEMPATH\Commands\Server\rewrite.php(47): require_once('C:\\hoon\\gitbasic\\hoon_ex\\framework-4.4.0\\public\\index.php')
INFO - 2023-09-13 01:42:19 --> Session: Class initialized using 'CodeIgniter\Session\Handlers\FileHandler' driver.
INFO - 2023-09-13 01:42:28 --> Session: Class initialized using 'CodeIgniter\Session\Handlers\FileHandler' driver.
INFO - 2023-09-13 01:42:34 --> Session: Class initialized using 'CodeIgniter\Session\Handlers\FileHandler' driver.
CRITICAL - 2023-09-13 01:42:34 --> Attempt to read property "filename" on array
in APPPATH\Views\board_view.php on line 19.
 1 APPPATH\Views\board_view.php(19): CodeIgniter\Debug\Exceptions->errorHandler(2, 'Attempt to read property "filename" on array', 'C:\\hoon\\gitbasic\\hoon_ex\\framework-4.4.0\\app\\Views\\board_view.php', 19)
 2 SYSTEMPATH\View\View.php(226): include('C:\\hoon\\gitbasic\\hoon_ex\\framework-4.4.0\\app\\Views\\board_view.php')
 3 SYSTEMPATH\View\View.php(229): CodeIgniter\View\View->CodeIgniter\View\{closure}()
 4 SYSTEMPATH\Common.php(1178): CodeIgniter\View\View->render('board_view', [], true)
 5 APPPATH\Helpers\render_helper.php(10): view('board_view', [...], [])
 6 APPPATH\Controllers\board.php(59): render('board_view', [...])
 7 SYSTEMPATH\CodeIgniter.php(915): App\Controllers\Board->view('13')
 8 SYSTEMPATH\CodeIgniter.php(492): CodeIgniter\CodeIgniter->runController(Object(App\Controllers\Board))
 9 SYSTEMPATH\CodeIgniter.php(353): CodeIgniter\CodeIgniter->handleRequest(null, Object(Config\Cache), false)
10 FCPATH\index.php(79): CodeIgniter\CodeIgniter->run()
11 SYSTEMPATH\Commands\Server\rewrite.php(47): require_once('C:\\hoon\\gitbasic\\hoon_ex\\framework-4.4.0\\public\\index.php')
INFO - 2023-09-13 01:42:45 --> Session: Class initialized using 'CodeIgniter\Session\Handlers\FileHandler' driver.
INFO - 2023-09-13 01:43:45 --> Session: Class initialized using 'CodeIgniter\Session\Handlers\FileHandler' driver.
INFO - 2023-09-13 01:43:48 --> Session: Class initialized using 'CodeIgniter\Session\Handlers\FileHandler' driver.
INFO - 2023-09-13 01:43:49 --> Session: Class initialized using 'CodeIgniter\Session\Handlers\FileHandler' driver.
INFO - 2023-09-13 01:43:51 --> Session: Class initialized using 'CodeIgniter\Session\Handlers\FileHandler' driver.
INFO - 2023-09-13 01:43:53 --> Session: Class initialized using 'CodeIgniter\Session\Handlers\FileHandler' driver.
INFO - 2023-09-13 01:44:26 --> Session: Class initialized using 'CodeIgniter\Session\Handlers\FileHandler' driver.
INFO - 2023-09-13 01:44:27 --> Session: Class initialized using 'CodeIgniter\Session\Handlers\FileHandler' driver.
INFO - 2023-09-13 01:45:04 --> Session: Class initialized using 'CodeIgniter\Session\Handlers\FileHandler' driver.
INFO - 2023-09-13 01:45:07 --> Session: Class initialized using 'CodeIgniter\Session\Handlers\FileHandler' driver.
INFO - 2023-09-13 01:45:09 --> Session: Class initialized using 'CodeIgniter\Session\Handlers\FileHandler' driver.
INFO - 2023-09-13 01:45:16 --> Session: Class initialized using 'CodeIgniter\Session\Handlers\FileHandler' driver.
INFO - 2023-09-13 01:45:27 --> Session: Class initialized using 'CodeIgniter\Session\Handlers\FileHandler' driver.
INFO - 2023-09-13 01:46:18 --> Session: Class initialized using 'CodeIgniter\Session\Handlers\FileHandler' driver.
INFO - 2023-09-13 01:46:26 --> Session: Class initialized using 'CodeIgniter\Session\Handlers\FileHandler' driver.
INFO - 2023-09-13 01:53:27 --> Session: Class initialized using 'CodeIgniter\Session\Handlers\FileHandler' driver.
INFO - 2023-09-13 01:58:55 --> Session: Class initialized using 'CodeIgniter\Session\Handlers\FileHandler' driver.
CRITICAL - 2023-09-13 01:58:55 --> Undefined variable $filew_view
in APPPATH\Views\board_view.php on line 18.
 1 APPPATH\Views\board_view.php(18): CodeIgniter\Debug\Exceptions->errorHandler(2, 'Undefined variable $filew_view', 'C:\\hoon\\gitbasic\\hoon_ex\\framework-4.4.0\\app\\Views\\board_view.php', 18)
 2 SYSTEMPATH\View\View.php(226): include('C:\\hoon\\gitbasic\\hoon_ex\\framework-4.4.0\\app\\Views\\board_view.php')
 3 SYSTEMPATH\View\View.php(229): CodeIgniter\View\View->CodeIgniter\View\{closure}()
 4 SYSTEMPATH\Common.php(1178): CodeIgniter\View\View->render('board_view', [], true)
 5 APPPATH\Helpers\render_helper.php(10): view('board_view', [...], [])
 6 APPPATH\Controllers\board.php(59): render('board_view', [...])
 7 SYSTEMPATH\CodeIgniter.php(915): App\Controllers\Board->view('13')
 8 SYSTEMPATH\CodeIgniter.php(492): CodeIgniter\CodeIgniter->runController(Object(App\Controllers\Board))
 9 SYSTEMPATH\CodeIgniter.php(353): CodeIgniter\CodeIgniter->handleRequest(null, Object(Config\Cache), false)
10 FCPATH\index.php(79): CodeIgniter\CodeIgniter->run()
11 SYSTEMPATH\Commands\Server\rewrite.php(47): require_once('C:\\hoon\\gitbasic\\hoon_ex\\framework-4.4.0\\public\\index.php')
INFO - 2023-09-13 01:59:11 --> Session: Class initialized using 'CodeIgniter\Session\Handlers\FileHandler' driver.
INFO - 2023-09-13 02:06:43 --> Session: Class initialized using 'CodeIgniter\Session\Handlers\FileHandler' driver.
INFO - 2023-09-13 02:11:28 --> Session: Class initialized using 'CodeIgniter\Session\Handlers\FileHandler' driver.
CRITICAL - 2023-09-13 02:11:28 --> Class "App\Controllers\FileMolde" not found
in APPPATH\Controllers\board.php on line 128.
 1 SYSTEMPATH\CodeIgniter.php(915): App\Controllers\Board->modify('13')
 2 SYSTEMPATH\CodeIgniter.php(492): CodeIgniter\CodeIgniter->runController(Object(App\Controllers\Board))
 3 SYSTEMPATH\CodeIgniter.php(353): CodeIgniter\CodeIgniter->handleRequest(null, Object(Config\Cache), false)
 4 FCPATH\index.php(79): CodeIgniter\CodeIgniter->run()
 5 SYSTEMPATH\Commands\Server\rewrite.php(47): require_once('C:\\hoon\\gitbasic\\hoon_ex\\framework-4.4.0\\public\\index.php')
INFO - 2023-09-13 02:11:36 --> Session: Class initialized using 'CodeIgniter\Session\Handlers\FileHandler' driver.
CRITICAL - 2023-09-13 02:11:36 --> unlink(uploads/board/1694567961_061b67ae9522142cef05.png): No such file or directory
in APPPATH\Controllers\board.php on line 131.
 1 [internal function]: CodeIgniter\Debug\Exceptions->errorHandler(2, 'unlink(uploads/board/1694567961_061b67ae9522142cef05.png): No such file or directory', 'C:\\hoon\\gitbasic\\hoon_ex\\framework-4.4.0\\app\\Controllers\\board.php', 131)
 2 APPPATH\Controllers\board.php(131): unlink('uploads/board/1694567961_061b67ae9522142cef05.png')
 3 SYSTEMPATH\CodeIgniter.php(915): App\Controllers\Board->modify('13')
 4 SYSTEMPATH\CodeIgniter.php(492): CodeIgniter\CodeIgniter->runController(Object(App\Controllers\Board))
 5 SYSTEMPATH\CodeIgniter.php(353): CodeIgniter\CodeIgniter->handleRequest(null, Object(Config\Cache), false)
 6 FCPATH\index.php(79): CodeIgniter\CodeIgniter->run()
 7 SYSTEMPATH\Commands\Server\rewrite.php(47): require_once('C:\\hoon\\gitbasic\\hoon_ex\\framework-4.4.0\\public\\index.php')
INFO - 2023-09-13 02:11:52 --> Session: Class initialized using 'CodeIgniter\Session\Handlers\FileHandler' driver.
INFO - 2023-09-13 02:11:54 --> Session: Class initialized using 'CodeIgniter\Session\Handlers\FileHandler' driver.
CRITICAL - 2023-09-13 02:11:54 --> unlink(uploads/board/1694567961_322d552cedbc39f656b5.png): No such file or directory
in APPPATH\Controllers\board.php on line 131.
 1 [internal function]: CodeIgniter\Debug\Exceptions->errorHandler(2, 'unlink(uploads/board/1694567961_322d552cedbc39f656b5.png): No such file or directory', 'C:\\hoon\\gitbasic\\hoon_ex\\framework-4.4.0\\app\\Controllers\\board.php', 131)
 2 APPPATH\Controllers\board.php(131): unlink('uploads/board/1694567961_322d552cedbc39f656b5.png')
 3 SYSTEMPATH\CodeIgniter.php(915): App\Controllers\Board->modify('13')
 4 SYSTEMPATH\CodeIgniter.php(492): CodeIgniter\CodeIgniter->runController(Object(App\Controllers\Board))
 5 SYSTEMPATH\CodeIgniter.php(353): CodeIgniter\CodeIgniter->handleRequest(null, Object(Config\Cache), false)
 6 FCPATH\index.php(79): CodeIgniter\CodeIgniter->run()
 7 SYSTEMPATH\Commands\Server\rewrite.php(47): require_once('C:\\hoon\\gitbasic\\hoon_ex\\framework-4.4.0\\public\\index.php')
INFO - 2023-09-13 02:11:57 --> Session: Class initialized using 'CodeIgniter\Session\Handlers\FileHandler' driver.
INFO - 2023-09-13 02:11:59 --> Session: Class initialized using 'CodeIgniter\Session\Handlers\FileHandler' driver.
CRITICAL - 2023-09-13 02:12:00 --> unlink(uploads/board/1694567961_322d552cedbc39f656b5.png): No such file or directory
in APPPATH\Controllers\board.php on line 131.
 1 [internal function]: CodeIgniter\Debug\Exceptions->errorHandler(2, 'unlink(uploads/board/1694567961_322d552cedbc39f656b5.png): No such file or directory', 'C:\\hoon\\gitbasic\\hoon_ex\\framework-4.4.0\\app\\Controllers\\board.php', 131)
 2 APPPATH\Controllers\board.php(131): unlink('uploads/board/1694567961_322d552cedbc39f656b5.png')
 3 SYSTEMPATH\CodeIgniter.php(915): App\Controllers\Board->modify('13')
 4 SYSTEMPATH\CodeIgniter.php(492): CodeIgniter\CodeIgniter->runController(Object(App\Controllers\Board))
 5 SYSTEMPATH\CodeIgniter.php(353): CodeIgniter\CodeIgniter->handleRequest(null, Object(Config\Cache), false)
 6 FCPATH\index.php(79): CodeIgniter\CodeIgniter->run()
 7 SYSTEMPATH\Commands\Server\rewrite.php(47): require_once('C:\\hoon\\gitbasic\\hoon_ex\\framework-4.4.0\\public\\index.php')
INFO - 2023-09-13 02:20:22 --> Session: Class initialized using 'CodeIgniter\Session\Handlers\FileHandler' driver.
INFO - 2023-09-13 02:20:25 --> Session: Class initialized using 'CodeIgniter\Session\Handlers\FileHandler' driver.
CRITICAL - 2023-09-13 02:20:25 --> unlink(uploads/board/1694567961_322d552cedbc39f656b5.png): No such file or directory
in APPPATH\Controllers\board.php on line 128.
 1 [internal function]: CodeIgniter\Debug\Exceptions->errorHandler(2, 'unlink(uploads/board/1694567961_322d552cedbc39f656b5.png): No such file or directory', 'C:\\hoon\\gitbasic\\hoon_ex\\framework-4.4.0\\app\\Controllers\\board.php', 128)
 2 APPPATH\Controllers\board.php(128): unlink('uploads/board/1694567961_322d552cedbc39f656b5.png')
 3 SYSTEMPATH\CodeIgniter.php(915): App\Controllers\Board->modify('13')
 4 SYSTEMPATH\CodeIgniter.php(492): CodeIgniter\CodeIgniter->runController(Object(App\Controllers\Board))
 5 SYSTEMPATH\CodeIgniter.php(353): CodeIgniter\CodeIgniter->handleRequest(null, Object(Config\Cache), false)
 6 FCPATH\index.php(79): CodeIgniter\CodeIgniter->run()
 7 SYSTEMPATH\Commands\Server\rewrite.php(47): require_once('C:\\hoon\\gitbasic\\hoon_ex\\framework-4.4.0\\public\\index.php')
INFO - 2023-09-13 02:20:28 --> Session: Class initialized using 'CodeIgniter\Session\Handlers\FileHandler' driver.
INFO - 2023-09-13 02:20:35 --> Session: Class initialized using 'CodeIgniter\Session\Handlers\FileHandler' driver.
INFO - 2023-09-13 02:20:41 --> Session: Class initialized using 'CodeIgniter\Session\Handlers\FileHandler' driver.
INFO - 2023-09-13 02:20:43 --> Session: Class initialized using 'CodeIgniter\Session\Handlers\FileHandler' driver.
INFO - 2023-09-13 02:20:46 --> Session: Class initialized using 'CodeIgniter\Session\Handlers\FileHandler' driver.
INFO - 2023-09-13 02:20:48 --> Session: Class initialized using 'CodeIgniter\Session\Handlers\FileHandler' driver.
CRITICAL - 2023-09-13 02:20:48 --> Attempt to read property "insert_id" on bool
in SYSTEMPATH\Database\MySQLi\Connection.php on line 588.
 1 SYSTEMPATH\Database\MySQLi\Connection.php(588): CodeIgniter\Debug\Exceptions->errorHandler(2, 'Attempt to read property "insert_id" on bool', 'C:\\hoon\\gitbasic\\hoon_ex\\framework-4.4.0\\system\\Database\\MySQLi\\Connection.php', 588)
 2 APPPATH\Controllers\board.php(100): CodeIgniter\Database\MySQLi\Connection->insertID()
 3 SYSTEMPATH\CodeIgniter.php(915): App\Controllers\Board->save()
 4 SYSTEMPATH\CodeIgniter.php(492): CodeIgniter\CodeIgniter->runController(Object(App\Controllers\Board))
 5 SYSTEMPATH\CodeIgniter.php(353): CodeIgniter\CodeIgniter->handleRequest(null, Object(Config\Cache), false)
 6 FCPATH\index.php(79): CodeIgniter\CodeIgniter->run()
 7 SYSTEMPATH\Commands\Server\rewrite.php(47): require_once('C:\\hoon\\gitbasic\\hoon_ex\\framework-4.4.0\\public\\index.php')
INFO - 2023-09-13 02:23:26 --> Session: Class initialized using 'CodeIgniter\Session\Handlers\FileHandler' driver.
CRITICAL - 2023-09-13 02:23:26 --> Attempt to read property "insert_id" on bool
in SYSTEMPATH\Database\MySQLi\Connection.php on line 588.
 1 SYSTEMPATH\Database\MySQLi\Connection.php(588): CodeIgniter\Debug\Exceptions->errorHandler(2, 'Attempt to read property "insert_id" on bool', 'C:\\hoon\\gitbasic\\hoon_ex\\framework-4.4.0\\system\\Database\\MySQLi\\Connection.php', 588)
 2 APPPATH\Controllers\board.php(100): CodeIgniter\Database\MySQLi\Connection->insertID()
 3 SYSTEMPATH\CodeIgniter.php(915): App\Controllers\Board->save()
 4 SYSTEMPATH\CodeIgniter.php(492): CodeIgniter\CodeIgniter->runController(Object(App\Controllers\Board))
 5 SYSTEMPATH\CodeIgniter.php(353): CodeIgniter\CodeIgniter->handleRequest(null, Object(Config\Cache), false)
 6 FCPATH\index.php(79): CodeIgniter\CodeIgniter->run()
 7 SYSTEMPATH\Commands\Server\rewrite.php(47): require_once('C:\\hoon\\gitbasic\\hoon_ex\\framework-4.4.0\\public\\index.php')
INFO - 2023-09-13 02:34:37 --> Session: Class initialized using 'CodeIgniter\Session\Handlers\FileHandler' driver.
INFO - 2023-09-13 02:34:37 --> Session: Class initialized using 'CodeIgniter\Session\Handlers\FileHandler' driver.
INFO - 2023-09-13 02:36:02 --> Session: Class initialized using 'CodeIgniter\Session\Handlers\FileHandler' driver.
INFO - 2023-09-13 02:36:04 --> Session: Class initialized using 'CodeIgniter\Session\Handlers\FileHandler' driver.
INFO - 2023-09-13 02:36:08 --> Session: Class initialized using 'CodeIgniter\Session\Handlers\FileHandler' driver.
CRITICAL - 2023-09-13 02:36:08 --> unlink(uploads/board/1694567961_322d552cedbc39f656b5.png): No such file or directory
in APPPATH\Controllers\board.php on line 124.
 1 [internal function]: CodeIgniter\Debug\Exceptions->errorHandler(2, 'unlink(uploads/board/1694567961_322d552cedbc39f656b5.png): No such file or directory', 'C:\\hoon\\gitbasic\\hoon_ex\\framework-4.4.0\\app\\Controllers\\board.php', 124)
 2 APPPATH\Controllers\board.php(124): unlink('uploads/board/1694567961_322d552cedbc39f656b5.png')
 3 SYSTEMPATH\CodeIgniter.php(915): App\Controllers\Board->modify('13')
 4 SYSTEMPATH\CodeIgniter.php(492): CodeIgniter\CodeIgniter->runController(Object(App\Controllers\Board))
 5 SYSTEMPATH\CodeIgniter.php(353): CodeIgniter\CodeIgniter->handleRequest(null, Object(Config\Cache), false)
 6 FCPATH\index.php(79): CodeIgniter\CodeIgniter->run()
 7 SYSTEMPATH\Commands\Server\rewrite.php(47): require_once('C:\\hoon\\gitbasic\\hoon_ex\\framework-4.4.0\\public\\index.php')
INFO - 2023-09-13 02:36:17 --> Session: Class initialized using 'CodeIgniter\Session\Handlers\FileHandler' driver.
INFO - 2023-09-13 02:36:19 --> Session: Class initialized using 'CodeIgniter\Session\Handlers\FileHandler' driver.
INFO - 2023-09-13 02:36:21 --> Session: Class initialized using 'CodeIgniter\Session\Handlers\FileHandler' driver.
INFO - 2023-09-13 02:36:37 --> Session: Class initialized using 'CodeIgniter\Session\Handlers\FileHandler' driver.
INFO - 2023-09-13 02:36:37 --> Session: Class initialized using 'CodeIgniter\Session\Handlers\FileHandler' driver.
INFO - 2023-09-13 02:36:39 --> Session: Class initialized using 'CodeIgniter\Session\Handlers\FileHandler' driver.
INFO - 2023-09-13 02:36:43 --> Session: Class initialized using 'CodeIgniter\Session\Handlers\FileHandler' driver.
INFO - 2023-09-13 02:36:49 --> Session: Class initialized using 'CodeIgniter\Session\Handlers\FileHandler' driver.
INFO - 2023-09-13 02:36:49 --> Session: Class initialized using 'CodeIgniter\Session\Handlers\FileHandler' driver.
